_build/app/intermediates/manifest_merge_blame_file/release/manifest-merger-blame-release-report.txt
1<?xml version="1.0" encoding="utf-8"?>
2<manifest xmlns:android="http://schemas.android.com/apk/res/android"
3    package="com.example.dietapp"
4    android:versionCode="1"
5    android:versionName="1.0" >
6
7    <uses-sdk
8        android:minSdkVersion="21"
8-->src/main/AndroidManifest.xml
9        android:targetSdkVersion="31" />
9-->src/main/AndroidManifest.xml
10
11    <uses-permission android:name="android.permission.WRITE_EXTERNAL_STORAGE" />
11-->src/main/AndroidManifest.xml:4:5-80
11-->src/main/AndroidManifest.xml:4:22-78
12    <uses-permission android:name="android.permission.READ_EXTERNAL_STORAGE" />
12-->src/main/AndroidManifest.xml:5:5-79
12-->src/main/AndroidManifest.xml:5:22-77
13    <uses-permission android:name="android.permission.CAMERA" />
13-->src/main/AndroidManifest.xml:6:5-64
13-->src/main/AndroidManifest.xml:6:22-62
14    <uses-permission android:name="android.permission.ACCESS_NETWORK_STATE" />
14-->[:firebase_analytics] AndroidManifest.xml:9:5-79
14-->[:firebase_analytics] AndroidManifest.xml:9:22-76
15    <uses-permission android:name="android.permission.INTERNET" />
15-->[:firebase_analytics] AndroidManifest.xml:10:5-67
15-->[:firebase_analytics] AndroidManifest.xml:10:22-64
16    <uses-permission android:name="android.permission.WAKE_LOCK" />
16-->[:firebase_analytics] AndroidManifest.xml:11:5-68
16-->[:firebase_analytics] AndroidManifest.xml:11:22-65
17    <uses-permission android:name="com.google.android.gms.permission.AD_ID" />
17-->[com.google.android.gms:play-services-measurement-api:21.0.0] AndroidManifest.xml:25:5-79
17-->[com.google.android.gms:play-services-measurement-api:21.0.0] AndroidManifest.xml:25:22-76
18    <uses-permission android:name="com.google.android.finsky.permission.BIND_GET_INSTALL_REFERRER_SERVICE" />
18-->[com.google.android.gms:play-services-measurement:21.0.0] AndroidManifest.xml:26:5-110
18-->[com.google.android.gms:play-services-measurement:21.0.0] AndroidManifest.xml:26:22-107
19
20    <application
21        android:name="android.app.Application"
21-->src/main/AndroidManifest.xml:9:9-42
22        android:appComponentFactory="androidx.core.app.CoreComponentFactory"
22-->[androidx.core:core:1.6.0] AndroidManifest.xml:24:18-86
23        android:icon="@mipmap/ic_launcher"
23-->src/main/AndroidManifest.xml:10:9-43
24        android:label="비니의 다이어트 앱" >
24-->src/main/AndroidManifest.xml:8:9-35
25        <activity
25-->src/main/AndroidManifest.xml:11:9-32:20
26            android:name="com.example.dietapp.MainActivity"
26-->src/main/AndroidManifest.xml:12:13-41
27            android:configChanges="orientation|keyboardHidden|keyboard|screenSize|smallestScreenSize|locale|layoutDirection|fontScale|screenLayout|density|uiMode"
27-->src/main/AndroidManifest.xml:16:13-163
28            android:exported="true"
28-->src/main/AndroidManifest.xml:13:13-36
29            android:hardwareAccelerated="true"
29-->src/main/AndroidManifest.xml:17:13-47
30            android:launchMode="singleTop"
30-->src/main/AndroidManifest.xml:14:13-43
31            android:theme="@style/LaunchTheme"
31-->src/main/AndroidManifest.xml:15:13-47
32            android:windowSoftInputMode="adjustResize" >
32-->src/main/AndroidManifest.xml:18:13-55
33
34            <!--
35                 Specifies an Android theme to apply to this Activity as soon as
36                 the Android process has started. This theme is visible to the user
37                 while the Flutter UI initializes. After that, this theme continues
38                 to determine the Window background behind the Flutter UI.
39            -->
40            <meta-data
40-->src/main/AndroidManifest.xml:24:13-27:17
41                android:name="io.flutter.embedding.android.NormalTheme"
41-->src/main/AndroidManifest.xml:25:15-70
42                android:resource="@style/NormalTheme" />
42-->src/main/AndroidManifest.xml:26:15-52
43
44            <intent-filter>
44-->src/main/AndroidManifest.xml:28:13-31:29
45                <action android:name="android.intent.action.MAIN" />
45-->src/main/AndroidManifest.xml:29:17-68
45-->src/main/AndroidManifest.xml:29:25-66
46
47                <category android:name="android.intent.category.LAUNCHER" />
47-->src/main/AndroidManifest.xml:30:17-76
47-->src/main/AndroidManifest.xml:30:27-74
48            </intent-filter>
49        </activity>
50        <!--
51             Don't delete the meta-data below.
52             This is used by the Flutter tool to generate GeneratedPluginRegistrant.java
53        -->
54        <meta-data
54-->src/main/AndroidManifest.xml:35:9-37:33
55            android:name="flutterEmbedding"
55-->src/main/AndroidManifest.xml:36:13-44
56            android:value="2" />
56-->src/main/AndroidManifest.xml:37:13-30
57
58        <service
58-->[:firebase_crashlytics] AndroidManifest.xml:10:9-14:19
59            android:name="com.google.firebase.components.ComponentDiscoveryService"
59-->[:firebase_crashlytics] AndroidManifest.xml:10:18-89
60            android:directBootAware="true"
60-->[com.google.firebase:firebase-common:20.1.1] AndroidManifest.xml:35:13-43
61            android:exported="false" >
61-->[com.google.firebase:firebase-crashlytics:18.2.11] AndroidManifest.xml:17:13-37
62            <meta-data
62-->[:firebase_crashlytics] AndroidManifest.xml:11:13-13:85
63                android:name="com.google.firebase.components:io.flutter.plugins.firebase.crashlytics.FlutterFirebaseAppRegistrar"
63-->[:firebase_crashlytics] AndroidManifest.xml:12:17-130
64                android:value="com.google.firebase.components.ComponentRegistrar" />
64-->[:firebase_crashlytics] AndroidManifest.xml:13:17-82
65            <meta-data
65-->[:firebase_analytics] AndroidManifest.xml:15:13-17:85
66                android:name="com.google.firebase.components:io.flutter.plugins.firebaseanalytics.FlutterFirebaseAppRegistrar"
66-->[:firebase_analytics] AndroidManifest.xml:16:17-127
67                android:value="com.google.firebase.components.ComponentRegistrar" />
67-->[:firebase_analytics] AndroidManifest.xml:17:17-82
68            <meta-data
68-->[:firebase_core] AndroidManifest.xml:11:13-13:85
69                android:name="com.google.firebase.components:io.flutter.plugins.firebase.core.FlutterFirebaseCoreRegistrar"
69-->[:firebase_core] AndroidManifest.xml:12:17-124
70                android:value="com.google.firebase.components.ComponentRegistrar" />
70-->[:firebase_core] AndroidManifest.xml:13:17-82
71            <meta-data
71-->[com.google.firebase:firebase-crashlytics:18.2.11] AndroidManifest.xml:18:13-20:85
72                android:name="com.google.firebase.components:com.google.firebase.crashlytics.CrashlyticsRegistrar"
72-->[com.google.firebase:firebase-crashlytics:18.2.11] AndroidManifest.xml:19:17-115
73                android:value="com.google.firebase.components.ComponentRegistrar" />
73-->[com.google.firebase:firebase-crashlytics:18.2.11] AndroidManifest.xml:20:17-82
74            <meta-data
74-->[com.google.android.gms:play-services-measurement-api:21.0.0] AndroidManifest.xml:31:13-33:85
75                android:name="com.google.firebase.components:com.google.firebase.analytics.connector.internal.AnalyticsConnectorRegistrar"
75-->[com.google.android.gms:play-services-measurement-api:21.0.0] AndroidManifest.xml:32:17-139
76                android:value="com.google.firebase.components.ComponentRegistrar" />
76-->[com.google.android.gms:play-services-measurement-api:21.0.0] AndroidManifest.xml:33:17-82
77            <meta-data
77-->[com.google.firebase:firebase-installations:17.0.1] AndroidManifest.xml:18:13-20:85
78                android:name="com.google.firebase.components:com.google.firebase.installations.FirebaseInstallationsRegistrar"
78-->[com.google.firebase:firebase-installations:17.0.1] AndroidManifest.xml:19:17-127
79                android:value="com.google.firebase.components.ComponentRegistrar" />
79-->[com.google.firebase:firebase-installations:17.0.1] AndroidManifest.xml:20:17-82
80        </service>
81
82        <provider
82-->[com.sangcomz:FishBun:0.11.2] AndroidManifest.xml:12:9-20:20
83            android:name="com.sangcomz.fishbun.FishBunFileProvider"
83-->[com.sangcomz:FishBun:0.11.2] AndroidManifest.xml:13:13-68
84            android:authorities="com.example.dietapp.fishbunfileprovider"
84-->[com.sangcomz:FishBun:0.11.2] AndroidManifest.xml:14:13-71
85            android:exported="false"
85-->[com.sangcomz:FishBun:0.11.2] AndroidManifest.xml:15:13-37
86            android:grantUriPermissions="true" >
86-->[com.sangcomz:FishBun:0.11.2] AndroidManifest.xml:16:13-47
87            <meta-data
87-->[com.sangcomz:FishBun:0.11.2] AndroidManifest.xml:17:13-19:58
88                android:name="android.support.FILE_PROVIDER_PATHS"
88-->[com.sangcomz:FishBun:0.11.2] AndroidManifest.xml:18:17-67
89                android:resource="@xml/provider_paths" />
89-->[com.sangcomz:FishBun:0.11.2] AndroidManifest.xml:19:17-55
90        </provider>
91
92        <activity
92-->[com.sangcomz:FishBun:0.11.2] AndroidManifest.xml:22:9-25:51
93            android:name="com.sangcomz.fishbun.ui.album.AlbumActivity"
93-->[com.sangcomz:FishBun:0.11.2] AndroidManifest.xml:23:13-71
94            android:label="@string/album"
94-->[com.sangcomz:FishBun:0.11.2] AndroidManifest.xml:24:13-42
95            android:theme="@style/FishBunTheme" />
95-->[com.sangcomz:FishBun:0.11.2] AndroidManifest.xml:25:13-48
96        <activity
96-->[com.sangcomz:FishBun:0.11.2] AndroidManifest.xml:26:9-28:51
97            android:name="com.sangcomz.fishbun.ui.picker.PickerActivity"
97-->[com.sangcomz:FishBun:0.11.2] AndroidManifest.xml:27:13-73
98            android:theme="@style/FishBunTheme" />
98-->[com.sangcomz:FishBun:0.11.2] AndroidManifest.xml:28:13-48
99        <activity
99-->[com.sangcomz:FishBun:0.11.2] AndroidManifest.xml:29:9-31:54
100            android:name="com.sangcomz.fishbun.ui.detail.DetailActivity"
100-->[com.sangcomz:FishBun:0.11.2] AndroidManifest.xml:30:13-73
101            android:theme="@style/DetailViewTheme" />
101-->[com.sangcomz:FishBun:0.11.2] AndroidManifest.xml:31:13-51
102
103        <uses-library
103-->[androidx.window:window:1.0.0-beta04] AndroidManifest.xml:25:9-27:40
104            android:name="androidx.window.extensions"
104-->[androidx.window:window:1.0.0-beta04] AndroidManifest.xml:26:13-54
105            android:required="false" />
105-->[androidx.window:window:1.0.0-beta04] AndroidManifest.xml:27:13-37
106        <uses-library
106-->[androidx.window:window:1.0.0-beta04] AndroidManifest.xml:28:9-30:40
107            android:name="androidx.window.sidecar"
107-->[androidx.window:window:1.0.0-beta04] AndroidManifest.xml:29:13-51
108            android:required="false" />
108-->[androidx.window:window:1.0.0-beta04] AndroidManifest.xml:30:13-37
109
110        <provider
110-->[com.google.firebase:firebase-common:20.1.1] AndroidManifest.xml:26:9-31:39
111            android:name="com.google.firebase.provider.FirebaseInitProvider"
111-->[com.google.firebase:firebase-common:20.1.1] AndroidManifest.xml:27:13-77
112            android:authorities="com.example.dietapp.firebaseinitprovider"
112-->[com.google.firebase:firebase-common:20.1.1] AndroidManifest.xml:28:13-72
113            android:directBootAware="true"
113-->[com.google.firebase:firebase-common:20.1.1] AndroidManifest.xml:29:13-43
114            android:exported="false"
114-->[com.google.firebase:firebase-common:20.1.1] AndroidManifest.xml:30:13-37
115            android:initOrder="100" />
115-->[com.google.firebase:firebase-common:20.1.1] AndroidManifest.xml:31:13-36
116
117        <receiver
117-->[com.google.android.gms:play-services-measurement:21.0.0] AndroidManifest.xml:29:9-33:20
118            android:name="com.google.android.gms.measurement.AppMeasurementReceiver"
118-->[com.google.android.gms:play-services-measurement:21.0.0] AndroidManifest.xml:30:13-85
119            android:enabled="true"
119-->[com.google.android.gms:play-services-measurement:21.0.0] AndroidManifest.xml:31:13-35
120            android:exported="false" >
120-->[com.google.android.gms:play-services-measurement:21.0.0] AndroidManifest.xml:32:13-37
121        </receiver>
122
123        <service
123-->[com.google.android.gms:play-services-measurement:21.0.0] AndroidManifest.xml:35:9-38:40
124            android:name="com.google.android.gms.measurement.AppMeasurementService"
124-->[com.google.android.gms:play-services-measurement:21.0.0] AndroidManifest.xml:36:13-84
125            android:enabled="true"
125-->[com.google.android.gms:play-services-measurement:21.0.0] AndroidManifest.xml:37:13-35
126            android:exported="false" />
126-->[com.google.android.gms:play-services-measurement:21.0.0] AndroidManifest.xml:38:13-37
127        <service
127-->[com.google.android.gms:play-services-measurement:21.0.0] AndroidManifest.xml:39:9-43:72
128            android:name="com.google.android.gms.measurement.AppMeasurementJobService"
128-->[com.google.android.gms:play-services-measurement:21.0.0] AndroidManifest.xml:40:13-87
129            android:enabled="true"
129-->[com.google.android.gms:play-services-measurement:21.0.0] AndroidManifest.xml:41:13-35
130            android:exported="false"
130-->[com.google.android.gms:play-services-measurement:21.0.0] AndroidManifest.xml:42:13-37
131            android:permission="android.permission.BIND_JOB_SERVICE" />
131-->[com.google.android.gms:play-services-measurement:21.0.0] AndroidManifest.xml:43:13-69
132
133        <meta-data
133-->[com.google.android.gms:play-services-basement:18.0.0] AndroidManifest.xml:21:9-23:69
134            android:name="com.google.android.gms.version"
134-->[com.google.android.gms:play-services-basement:18.0.0] AndroidManifest.xml:22:13-58
135            android:value="@integer/google_play_services_version" />
135-->[com.google.android.gms:play-services-basement:18.0.0] AndroidManifest.xml:23:13-66
136
137        <service
137-->[com.google.android.datatransport:transport-backend-cct:3.1.5] AndroidManifest.xml:29:9-35:19
138            android:name="com.google.android.datatransport.runtime.backends.TransportBackendDiscovery"
138-->[com.google.android.datatransport:transport-backend-cct:3.1.5] AndroidManifest.xml:30:13-103
139            android:exported="false" >
139-->[com.google.android.datatransport:transport-backend-cct:3.1.5] AndroidManifest.xml:31:13-37
140            <meta-data
140-->[com.google.android.datatransport:transport-backend-cct:3.1.5] AndroidManifest.xml:32:13-34:39
141                android:name="backend:com.google.android.datatransport.cct.CctBackendFactory"
141-->[com.google.android.datatransport:transport-backend-cct:3.1.5] AndroidManifest.xml:33:17-94
142                android:value="cct" />
142-->[com.google.android.datatransport:transport-backend-cct:3.1.5] AndroidManifest.xml:34:17-36
143        </service>
144        <service
144-->[com.google.android.datatransport:transport-runtime:3.1.5] AndroidManifest.xml:26:9-30:19
145            android:name="com.google.android.datatransport.runtime.scheduling.jobscheduling.JobInfoSchedulerService"
145-->[com.google.android.datatransport:transport-runtime:3.1.5] AndroidManifest.xml:27:13-117
146            android:exported="false"
146-->[com.google.android.datatransport:transport-runtime:3.1.5] AndroidManifest.xml:28:13-37
147            android:permission="android.permission.BIND_JOB_SERVICE" >
147-->[com.google.android.datatransport:transport-runtime:3.1.5] AndroidManifest.xml:29:13-69
148        </service>
149
150        <receiver
150-->[com.google.android.datatransport:transport-runtime:3.1.5] AndroidManifest.xml:32:9-34:40
151            android:name="com.google.android.datatransport.runtime.scheduling.jobscheduling.AlarmManagerSchedulerBroadcastReceiver"
151-->[com.google.android.datatransport:transport-runtime:3.1.5] AndroidManifest.xml:33:13-132
152            android:exported="false" />
152-->[com.google.android.datatransport:transport-runtime:3.1.5] AndroidManifest.xml:34:13-37
153    </application>
154
155</manifest>